Arguments: 
  /usr/local/bin/node /usr/local/bin/yarn

PATH: 
  /Library/Frameworks/Python.framework/Versions/3.7/bin:/usr/local/bin:/usr/bin:/bin:/usr/sbin:/sbin:/Library/Frameworks/Python.framework/Versions/3.7/bin

Yarn version: 
  1.13.0

Node version: 
  10.15.1

Platform: 
  darwin x64

Trace: 
  SyntaxError: /Users/lambda_school_loaner_69/Desktop/Lambda Projects/BUILD WEEK - Trip Split/backend/package.json: Unexpected token } in JSON at position 695
      at JSON.parse (<anonymous>)
      at /usr/local/lib/node_modules/yarn/lib/cli.js:1625:59
      at Generator.next (<anonymous>)
      at step (/usr/local/lib/node_modules/yarn/lib/cli.js:304:30)
      at /usr/local/lib/node_modules/yarn/lib/cli.js:315:13

npm manifest: 
  {
    "name": "trip-split",
    "version": "1.0.0",
    "description": "build week project",
    "main": "index.js",
    "repository": "https://github.com/trip-split-bw/backend.git",
    "author": "<douglasjordan2@gmail.com>",
    "license": "MIT",
    "scripts": {
      "test": "cross-env DB_ENV=testing jest --watch",
      "server": "nodemon index.js",
      "start": "node index.js"
    },
    "dependencies": {
      "axios": "^0.19.0",
      "bcryptjs": "^2.4.3",
      "cors": "^2.8.5",
      "cross-env": "^5.2.0",
      "dotenv": "^8.0.0",
      "express": "^4.17.0",
      "helmet": "^3.16.0",
      "jest": "^24.8.0",
      "jsonwebtoken": "^8.5.1",
      "knex": "^0.16.5",
      "sqlite3": "^4.0.6",
      "supertest": "^4.0.2",
    },
    "devDependencies": {
      "knex-cleaner": "^1.1.4",
      "nodemon": "^1.19.1"
    }
  }

yarn manifest: 
  No manifest

Lockfile: 
  No lockfile
